<?xml version="1.0" encoding="UTF-8"?>
<testng-results ignored="0" total="2" passed="0" failed="2" skipped="0">
  <reporter-output>
  </reporter-output>
  <suite started-at="2022-10-06T16:03:12 EDT" name="Default suite" finished-at="2022-10-06T16:03:12 EDT" duration-ms="460">
    <groups>
      <group name="cucumber">
        <method signature="AbstractTestNGCucumberTests.runScenario(io.cucumber.testng.PickleWrapper,io.cucumber.testng.FeatureWrapper)[pri:0, instance:cucumberOptions.TestNGTestrunner@7334aada]" name="runScenario" class="io.cucumber.testng.AbstractTestNGCucumberTests"/>
      </group> <!-- cucumber -->
    </groups>
    <test started-at="2022-10-06T16:03:12 EDT" name="Default test" finished-at="2022-10-06T16:03:12 EDT" duration-ms="460">
      <class name="cucumberOptions.TestNGTestrunner">
        <test-method is-config="true" signature="setUpClass(org.testng.ITestContext)[pri:0, instance:cucumberOptions.TestNGTestrunner@7334aada]" started-at="2022-10-06T16:03:12 EDT" name="setUpClass" finished-at="2022-10-06T16:03:12 EDT" duration-ms="322" status="PASS">
          <params>
            <param index="0">
              <value>
                <![CDATA[org.testng.TestRunner@5dcb4f5f]]>
              </value>
            </param>
          </params>
          <reporter-output>
          </reporter-output>
        </test-method> <!-- setUpClass -->
        <test-method signature="runScenario(io.cucumber.testng.PickleWrapper,io.cucumber.testng.FeatureWrapper)[pri:0, instance:cucumberOptions.TestNGTestrunner@7334aada]" started-at="2022-10-06T16:03:12 EDT" name="runScenario" description="Runs Cucumber Scenarios" data-provider="scenarios" finished-at="2022-10-06T16:03:12 EDT" duration-ms="62" status="FAIL">
          <params>
            <param index="0">
              <value>
                <![CDATA["Login to application by providing inputs"]]>
              </value>
            </param>
            <param index="1">
              <value>
                <![CDATA["Application login"]]>
              </value>
            </param>
          </params>
          <exception class="io.cucumber.cucumberexpressions.CucumberExpressionException">
            <message>
              <![CDATA[You cannot use anchors (^ or $) in Cucumber Expressions. Please remove them from ^User log in to application by providing {string} and {string}$]]>
            </message>
            <full-stacktrace>
              <![CDATA[io.cucumber.cucumberexpressions.CucumberExpressionException: You cannot use anchors (^ or $) in Cucumber Expressions. Please remove them from ^User log in to application by providing {string} and {string}$
at io.cucumber.cucumberexpressions.ExpressionFactory.createRegularExpressionWithAnchors(ExpressionFactory.java:47)
at io.cucumber.cucumberexpressions.ExpressionFactory.createExpression(ExpressionFactory.java:33)
at io.cucumber.core.stepexpression.StepExpressionFactory.crateExpression(StepExpressionFactory.java:88)
at io.cucumber.core.stepexpression.StepExpressionFactory.createExpression(StepExpressionFactory.java:61)
at io.cucumber.core.stepexpression.StepExpressionFactory.createExpression(StepExpressionFactory.java:49)
at io.cucumber.core.runner.CachingGlue.lambda$prepareGlue$3(CachingGlue.java:273)
at java.base/java.util.ArrayList.forEach(ArrayList.java:1507)
at io.cucumber.core.runner.CachingGlue.prepareGlue(CachingGlue.java:272)
at io.cucumber.core.runner.Runner.runPickle(Runner.java:72)
at io.cucumber.testng.TestNGCucumberRunner.lambda$runScenario$1(TestNGCucumberRunner.java:132)
at io.cucumber.core.runtime.CucumberExecutionContext.lambda$runTestCase$5(CucumberExecutionContext.java:129)
at io.cucumber.core.runtime.RethrowingThrowableCollector.executeAndThrow(RethrowingThrowableCollector.java:23)
at io.cucumber.core.runtime.CucumberExecutionContext.runTestCase(CucumberExecutionContext.java:129)
at io.cucumber.testng.TestNGCucumberRunner.runScenario(TestNGCucumberRunner.java:129)
at io.cucumber.testng.AbstractTestNGCucumberTests.runScenario(AbstractTestNGCucumberTests.java:35)
at java.base/jdk.internal.reflect.NativeMethodAccessorImpl.invoke0(Native Method)
at java.base/jdk.internal.reflect.NativeMethodAccessorImpl.invoke(NativeMethodAccessorImpl.java:62)
at java.base/jdk.internal.reflect.DelegatingMethodAccessorImpl.invoke(DelegatingMethodAccessorImpl.java:43)
at java.base/java.lang.reflect.Method.invoke(Method.java:567)
at org.testng.internal.invokers.MethodInvocationHelper.invokeMethod(MethodInvocationHelper.java:139)
at org.testng.internal.invokers.TestInvoker.invokeMethod(TestInvoker.java:677)
at org.testng.internal.invokers.TestInvoker.invokeTestMethod(TestInvoker.java:221)
at org.testng.internal.invokers.MethodRunner.runInSequence(MethodRunner.java:50)
at org.testng.internal.invokers.TestInvoker$MethodInvocationAgent.invoke(TestInvoker.java:962)
at org.testng.internal.invokers.TestInvoker.invokeTestMethods(TestInvoker.java:194)
at org.testng.internal.invokers.TestMethodWorker.invokeTestMethods(TestMethodWorker.java:148)
at org.testng.internal.invokers.TestMethodWorker.run(TestMethodWorker.java:128)
at java.base/java.util.ArrayList.forEach(ArrayList.java:1507)
at org.testng.TestRunner.privateRun(TestRunner.java:806)
at org.testng.TestRunner.run(TestRunner.java:601)
at org.testng.SuiteRunner.runTest(SuiteRunner.java:433)
at org.testng.SuiteRunner.runSequentially(SuiteRunner.java:427)
at org.testng.SuiteRunner.privateRun(SuiteRunner.java:387)
at org.testng.SuiteRunner.run(SuiteRunner.java:330)
at org.testng.SuiteRunnerWorker.runSuite(SuiteRunnerWorker.java:52)
at org.testng.SuiteRunnerWorker.run(SuiteRunnerWorker.java:95)
at org.testng.TestNG.runSuitesSequentially(TestNG.java:1256)
at org.testng.TestNG.runSuitesLocally(TestNG.java:1176)
at org.testng.TestNG.runSuites(TestNG.java:1099)
at org.testng.TestNG.run(TestNG.java:1067)
at org.testng.remote.AbstractRemoteTestNG.run(AbstractRemoteTestNG.java:115)
at org.testng.remote.RemoteTestNG.initAndRun(RemoteTestNG.java:251)
at org.testng.remote.RemoteTestNG.main(RemoteTestNG.java:77)
Caused by: java.util.regex.PatternSyntaxException: Illegal repetition near index 42
^User log in to application by providing {string} and {string}$
                                          ^
at java.base/java.util.regex.Pattern.error(Pattern.java:2027)
at java.base/java.util.regex.Pattern.closure(Pattern.java:3326)
at java.base/java.util.regex.Pattern.sequence(Pattern.java:2213)
at java.base/java.util.regex.Pattern.expr(Pattern.java:2068)
at java.base/java.util.regex.Pattern.compile(Pattern.java:1782)
at java.base/java.util.regex.Pattern.<init>(Pattern.java:1429)
at java.base/java.util.regex.Pattern.compile(Pattern.java:1069)
at io.cucumber.cucumberexpressions.ExpressionFactory.createRegularExpressionWithAnchors(ExpressionFactory.java:44)
... 42 more
]]>
            </full-stacktrace>
          </exception> <!-- io.cucumber.cucumberexpressions.CucumberExpressionException -->
          <reporter-output>
          </reporter-output>
        </test-method> <!-- runScenario -->
        <test-method signature="runScenario(io.cucumber.testng.PickleWrapper,io.cucumber.testng.FeatureWrapper)[pri:0, instance:cucumberOptions.TestNGTestrunner@7334aada]" started-at="2022-10-06T16:03:12 EDT" name="runScenario" description="Runs Cucumber Scenarios" data-provider="scenarios" finished-at="2022-10-06T16:03:12 EDT" duration-ms="2" status="FAIL">
          <params>
            <param index="0">
              <value>
                <![CDATA["Login to application by providing inputs"]]>
              </value>
            </param>
            <param index="1">
              <value>
                <![CDATA["Application login"]]>
              </value>
            </param>
          </params>
          <exception class="io.cucumber.cucumberexpressions.CucumberExpressionException">
            <message>
              <![CDATA[You cannot use anchors (^ or $) in Cucumber Expressions. Please remove them from ^User log in to application by providing {string} and {string}$]]>
            </message>
            <full-stacktrace>
              <![CDATA[io.cucumber.cucumberexpressions.CucumberExpressionException: You cannot use anchors (^ or $) in Cucumber Expressions. Please remove them from ^User log in to application by providing {string} and {string}$
at io.cucumber.cucumberexpressions.ExpressionFactory.createRegularExpressionWithAnchors(ExpressionFactory.java:47)
at io.cucumber.cucumberexpressions.ExpressionFactory.createExpression(ExpressionFactory.java:33)
at io.cucumber.core.stepexpression.StepExpressionFactory.crateExpression(StepExpressionFactory.java:88)
at io.cucumber.core.stepexpression.StepExpressionFactory.createExpression(StepExpressionFactory.java:61)
at io.cucumber.core.stepexpression.StepExpressionFactory.createExpression(StepExpressionFactory.java:49)
at io.cucumber.core.runner.CachingGlue.lambda$prepareGlue$3(CachingGlue.java:273)
at java.base/java.util.ArrayList.forEach(ArrayList.java:1507)
at io.cucumber.core.runner.CachingGlue.prepareGlue(CachingGlue.java:272)
at io.cucumber.core.runner.Runner.runPickle(Runner.java:72)
at io.cucumber.testng.TestNGCucumberRunner.lambda$runScenario$1(TestNGCucumberRunner.java:132)
at io.cucumber.core.runtime.CucumberExecutionContext.lambda$runTestCase$5(CucumberExecutionContext.java:129)
at io.cucumber.core.runtime.RethrowingThrowableCollector.executeAndThrow(RethrowingThrowableCollector.java:23)
at io.cucumber.core.runtime.CucumberExecutionContext.runTestCase(CucumberExecutionContext.java:129)
at io.cucumber.testng.TestNGCucumberRunner.runScenario(TestNGCucumberRunner.java:129)
at io.cucumber.testng.AbstractTestNGCucumberTests.runScenario(AbstractTestNGCucumberTests.java:35)
at java.base/jdk.internal.reflect.NativeMethodAccessorImpl.invoke0(Native Method)
at java.base/jdk.internal.reflect.NativeMethodAccessorImpl.invoke(NativeMethodAccessorImpl.java:62)
at java.base/jdk.internal.reflect.DelegatingMethodAccessorImpl.invoke(DelegatingMethodAccessorImpl.java:43)
at java.base/java.lang.reflect.Method.invoke(Method.java:567)
at org.testng.internal.invokers.MethodInvocationHelper.invokeMethod(MethodInvocationHelper.java:139)
at org.testng.internal.invokers.TestInvoker.invokeMethod(TestInvoker.java:677)
at org.testng.internal.invokers.TestInvoker.invokeTestMethod(TestInvoker.java:221)
at org.testng.internal.invokers.MethodRunner.runInSequence(MethodRunner.java:50)
at org.testng.internal.invokers.TestInvoker$MethodInvocationAgent.invoke(TestInvoker.java:962)
at org.testng.internal.invokers.TestInvoker.invokeTestMethods(TestInvoker.java:194)
at org.testng.internal.invokers.TestMethodWorker.invokeTestMethods(TestMethodWorker.java:148)
at org.testng.internal.invokers.TestMethodWorker.run(TestMethodWorker.java:128)
at java.base/java.util.ArrayList.forEach(ArrayList.java:1507)
at org.testng.TestRunner.privateRun(TestRunner.java:806)
at org.testng.TestRunner.run(TestRunner.java:601)
at org.testng.SuiteRunner.runTest(SuiteRunner.java:433)
at org.testng.SuiteRunner.runSequentially(SuiteRunner.java:427)
at org.testng.SuiteRunner.privateRun(SuiteRunner.java:387)
at org.testng.SuiteRunner.run(SuiteRunner.java:330)
at org.testng.SuiteRunnerWorker.runSuite(SuiteRunnerWorker.java:52)
at org.testng.SuiteRunnerWorker.run(SuiteRunnerWorker.java:95)
at org.testng.TestNG.runSuitesSequentially(TestNG.java:1256)
at org.testng.TestNG.runSuitesLocally(TestNG.java:1176)
at org.testng.TestNG.runSuites(TestNG.java:1099)
at org.testng.TestNG.run(TestNG.java:1067)
at org.testng.remote.AbstractRemoteTestNG.run(AbstractRemoteTestNG.java:115)
at org.testng.remote.RemoteTestNG.initAndRun(RemoteTestNG.java:251)
at org.testng.remote.RemoteTestNG.main(RemoteTestNG.java:77)
Caused by: java.util.regex.PatternSyntaxException: Illegal repetition near index 42
^User log in to application by providing {string} and {string}$
                                          ^
at java.base/java.util.regex.Pattern.error(Pattern.java:2027)
at java.base/java.util.regex.Pattern.closure(Pattern.java:3326)
at java.base/java.util.regex.Pattern.sequence(Pattern.java:2213)
at java.base/java.util.regex.Pattern.expr(Pattern.java:2068)
at java.base/java.util.regex.Pattern.compile(Pattern.java:1782)
at java.base/java.util.regex.Pattern.<init>(Pattern.java:1429)
at java.base/java.util.regex.Pattern.compile(Pattern.java:1069)
at io.cucumber.cucumberexpressions.ExpressionFactory.createRegularExpressionWithAnchors(ExpressionFactory.java:44)
... 42 more
]]>
            </full-stacktrace>
          </exception> <!-- io.cucumber.cucumberexpressions.CucumberExpressionException -->
          <reporter-output>
          </reporter-output>
        </test-method> <!-- runScenario -->
        <test-method is-config="true" signature="tearDownClass()[pri:0, instance:cucumberOptions.TestNGTestrunner@7334aada]" started-at="2022-10-06T16:03:12 EDT" name="tearDownClass" finished-at="2022-10-06T16:03:12 EDT" duration-ms="14" status="PASS">
          <reporter-output>
          </reporter-output>
        </test-method> <!-- tearDownClass -->
      </class> <!-- cucumberOptions.TestNGTestrunner -->
    </test> <!-- Default test -->
  </suite> <!-- Default suite -->
</testng-results>
